
2015/01/13 16:01:28 [error] [debugInfo] 1Start to checkMobile with mobile:
2015/01/13 16:01:28 [error] [debugInfo] 2Start to checkMobile with mobile:
2015/01/13 16:01:28 [error] [debugInfo] 3Start to checkMobile with mobile:
2015/01/13 16:01:44 [error] [debugInfo] 1Start to checkMobile with mobile:
2015/01/13 16:01:44 [error] [debugInfo] 2Start to checkMobile with mobile:
2015/01/13 16:01:44 [error] [debugInfo] 3Start to checkMobile with mobile:
2015/01/13 16:02:05 [error] [debugInfo] 1Start to checkMobile with mobile:
2015/01/13 16:02:05 [error] [debugInfo] 2Start to checkMobile with mobile:
2015/01/13 16:02:05 [error] [debugInfo] 3Start to checkMobile with mobile:
2015/01/13 16:28:09 [error] [php] Undefined variable: content (F:\yii\blog\protected\controllers\ClientController.php:170)
Stack trace:
#0 F:\yii\yii\framework\web\CController.php(278): ClientController->runAction()
#1 F:\yii\yii\framework\web\CController.php(257): ClientController->runActionWithFilters()
#2 F:\yii\yii\framework\web\CWebApplication.php(328): ClientController->run()
#3 F:\yii\yii\framework\web\CWebApplication.php(121): CWebApplication->runController()
#4 F:\yii\yii\framework\base\CApplication.php(155): CWebApplication->processRequest()
#5 F:\yii\blog\index.php(13): CWebApplication->run()
REQUEST_URI=/index.php/client/sendCode
2015/01/13 16:28:36 [error] [php] Undefined variable: content (F:\yii\blog\protected\controllers\ClientController.php:170)
Stack trace:
#0 F:\yii\yii\framework\web\CController.php(278): ClientController->runAction()
#1 F:\yii\yii\framework\web\CController.php(257): ClientController->runActionWithFilters()
#2 F:\yii\yii\framework\web\CWebApplication.php(328): ClientController->run()
#3 F:\yii\yii\framework\web\CWebApplication.php(121): CWebApplication->runController()
#4 F:\yii\yii\framework\base\CApplication.php(155): CWebApplication->processRequest()
#5 F:\yii\blog\index.php(13): CWebApplication->run()
REQUEST_URI=/index.php/client/sendCode
2015/01/13 16:37:13 [error] [php] Undefined variable: content (F:\yii\blog\protected\controllers\ClientController.php:173)
Stack trace:
#0 F:\yii\yii\framework\web\CController.php(278): ClientController->runAction()
#1 F:\yii\yii\framework\web\CController.php(257): ClientController->runActionWithFilters()
#2 F:\yii\yii\framework\web\CWebApplication.php(328): ClientController->run()
#3 F:\yii\yii\framework\web\CWebApplication.php(121): CWebApplication->runController()
#4 F:\yii\yii\framework\base\CApplication.php(155): CWebApplication->processRequest()
#5 F:\yii\blog\index.php(13): CWebApplication->run()
REQUEST_URI=/index.php/client/sendCode
2015/01/13 16:37:14 [error] [php] Undefined variable: content (F:\yii\blog\protected\controllers\ClientController.php:173)
Stack trace:
#0 F:\yii\yii\framework\web\CController.php(278): ClientController->runAction()
#1 F:\yii\yii\framework\web\CController.php(257): ClientController->runActionWithFilters()
#2 F:\yii\yii\framework\web\CWebApplication.php(328): ClientController->run()
#3 F:\yii\yii\framework\web\CWebApplication.php(121): CWebApplication->runController()
#4 F:\yii\yii\framework\base\CApplication.php(155): CWebApplication->processRequest()
#5 F:\yii\blog\index.php(13): CWebApplication->run()
REQUEST_URI=/index.php/client/sendCode
